<?xml version="1.0" encoding="UTF-8"?>
<!-- Generated by org.testng.reporters.JUnitReportReporter -->
<testsuite hostname="SONY" failures="0" tests="4" name="testCases.TC005_AccountRegistrationLinksExistanceTest" time="4.892" errors="0" timestamp="2024-08-19T16:10:59 IST" skipped="0">
  <testcase classname="testCases.TC005_AccountRegistrationLinksExistanceTest" name="testAccountRegistrationMainLinks" time="3.840"/>
  <testcase classname="testCases.TC005_AccountRegistrationLinksExistanceTest" name="testAccountRegistrationFooterLinks" time="0.313"/>
  <testcase classname="testCases.TC005_AccountRegistrationLinksExistanceTest" name="testAccountRegistrationTopLinks" time="0.115"/>
  <testcase classname="testCases.TC005_AccountRegistrationLinksExistanceTest" name="testAccountRegistrationHeaderLinks" time="0.624"/>
</testsuite> <!-- testCases.TC005_AccountRegistrationLinksExistanceTest -->
