<?xml version="1.0" encoding="UTF-8"?>
<!-- Generated by org.testng.reporters.JUnitReportReporter -->
<testsuite hostname="SONY" failures="0" tests="4" name="testCases.TC003_AccountRegistrationLinksExistanceTest" time="5.757" errors="0" timestamp="2024-08-30T17:10:30 IST" skipped="0">
  <testcase classname="testCases.TC003_AccountRegistrationLinksExistanceTest" name="testAccountRegistrationMainLinks" time="4.262"/>
  <testcase classname="testCases.TC003_AccountRegistrationLinksExistanceTest" name="testAccountRegistrationFooterLinks" time="0.364"/>
  <testcase classname="testCases.TC003_AccountRegistrationLinksExistanceTest" name="testAccountRegistrationTopLinks" time="0.140"/>
  <testcase classname="testCases.TC003_AccountRegistrationLinksExistanceTest" name="testAccountRegistrationHeaderLinks" time="0.991"/>
</testsuite> <!-- testCases.TC003_AccountRegistrationLinksExistanceTest -->
