<?xml version="1.0" encoding="UTF-8"?>
<!-- Generated by org.testng.reporters.JUnitReportReporter -->
<testsuite hostname="Lenovo" failures="0" tests="1" name="testCases.TC006_LoginTest" time="1.608" errors="0" timestamp="2024-10-21T21:19:17 IST" skipped="0">
  <testcase classname="testCases.TC006_LoginTest" name="testLogin" time="1.608"/>
</testsuite> <!-- testCases.TC006_LoginTest -->
