<?xml version="1.0" encoding="UTF-8"?>
<!-- Generated by org.testng.reporters.JUnitReportReporter -->
<testsuite hostname="Lenovo" failures="0" tests="4" name="testCases.TC003_AccountRegistrationLinksExistanceTest" time="2.164" errors="0" timestamp="2024-10-21T21:19:17 IST" skipped="0">
  <testcase classname="testCases.TC003_AccountRegistrationLinksExistanceTest" name="testAccountRegistrationMainLinks" time="1.275"/>
  <testcase classname="testCases.TC003_AccountRegistrationLinksExistanceTest" name="testAccountRegistrationFooterLinks" time="0.278"/>
  <testcase classname="testCases.TC003_AccountRegistrationLinksExistanceTest" name="testAccountRegistrationTopLinks" time="0.085"/>
  <testcase classname="testCases.TC003_AccountRegistrationLinksExistanceTest" name="testAccountRegistrationHeaderLinks" time="0.526"/>
</testsuite> <!-- testCases.TC003_AccountRegistrationLinksExistanceTest -->
