<?xml version="1.0" encoding="UTF-8"?>
<!-- Generated by org.testng.reporters.JUnitReportReporter -->
<testsuite hostname="SONY" failures="0" tests="1" name="testCases.TC005_AccountRegistrationLinksTest" time="2.535" errors="0" timestamp="2024-08-19T02:59:00 IST" skipped="0">
  <testcase classname="testCases.TC005_AccountRegistrationLinksTest" name="testAccountRegistrationMainLinks" time="2.535"/>
</testsuite> <!-- testCases.TC005_AccountRegistrationLinksTest -->
