<?xml version="1.0" encoding="UTF-8"?>
<!-- Generated by org.testng.reporters.JUnitReportReporter -->
<testsuite hostname="Lenovo" failures="0" tests="9" name="testCases.TC002_AccountRegistrationErrorValidationDDT" time="19.487" errors="0" timestamp="2024-10-21T21:19:17 IST" skipped="0">
  <testcase classname="testCases.TC002_AccountRegistrationErrorValidationDDT" name="testAccountRegistrationDDT" time="3.401"/>
  <testcase classname="testCases.TC002_AccountRegistrationErrorValidationDDT" name="testAccountRegistrationDDT" time="1.930"/>
  <testcase classname="testCases.TC002_AccountRegistrationErrorValidationDDT" name="testAccountRegistrationDDT" time="1.771"/>
  <testcase classname="testCases.TC002_AccountRegistrationErrorValidationDDT" name="testAccountRegistrationDDT" time="2.429"/>
  <testcase classname="testCases.TC002_AccountRegistrationErrorValidationDDT" name="testAccountRegistrationDDT" time="1.373"/>
  <testcase classname="testCases.TC002_AccountRegistrationErrorValidationDDT" name="testAccountRegistrationDDT" time="2.748"/>
  <testcase classname="testCases.TC002_AccountRegistrationErrorValidationDDT" name="testAccountRegistrationDDT" time="1.761"/>
  <testcase classname="testCases.TC002_AccountRegistrationErrorValidationDDT" name="testAccountRegistrationDDT" time="1.607"/>
  <testcase classname="testCases.TC002_AccountRegistrationErrorValidationDDT" name="testAccountRegistrationDDT" time="2.467"/>
</testsuite> <!-- testCases.TC002_AccountRegistrationErrorValidationDDT -->
