<?xml version="1.0" encoding="UTF-8"?>
<!-- Generated by org.testng.reporters.JUnitReportReporter -->
<testsuite hostname="Lenovo" failures="0" tests="9" name="testCases.TC002_AccountRegistrationDDT" time="18.369" errors="0" timestamp="2024-10-21T21:10:58 IST" skipped="0">
  <testcase classname="testCases.TC002_AccountRegistrationDDT" name="testAccountRegistrationDDT" time="1.868"/>
  <testcase classname="testCases.TC002_AccountRegistrationDDT" name="testAccountRegistrationDDT" time="2.099"/>
  <testcase classname="testCases.TC002_AccountRegistrationDDT" name="testAccountRegistrationDDT" time="2.058"/>
  <testcase classname="testCases.TC002_AccountRegistrationDDT" name="testAccountRegistrationDDT" time="1.687"/>
  <testcase classname="testCases.TC002_AccountRegistrationDDT" name="testAccountRegistrationDDT" time="2.193"/>
  <testcase classname="testCases.TC002_AccountRegistrationDDT" name="testAccountRegistrationDDT" time="2.790"/>
  <testcase classname="testCases.TC002_AccountRegistrationDDT" name="testAccountRegistrationDDT" time="1.623"/>
  <testcase classname="testCases.TC002_AccountRegistrationDDT" name="testAccountRegistrationDDT" time="1.972"/>
  <testcase classname="testCases.TC002_AccountRegistrationDDT" name="testAccountRegistrationDDT" time="2.079"/>
</testsuite> <!-- testCases.TC002_AccountRegistrationDDT -->
