<?xml version="1.0" encoding="UTF-8"?>
<!-- Generated by org.testng.reporters.JUnitReportReporter -->
<testsuite hostname="SONY" failures="0" tests="1" name="testCases.TC002_LoginTest" time="6.550" errors="0" timestamp="2024-08-18T20:55:36 IST" skipped="0">
  <testcase classname="testCases.TC002_LoginTest" name="testLogin" time="6.550"/>
</testsuite> <!-- testCases.TC002_LoginTest -->
