<?xml version="1.0" encoding="UTF-8"?>
<!-- Generated by org.testng.reporters.JUnitReportReporter -->
<testsuite hostname="Lenovo" failures="0" tests="8" name="testCases.TC007_loginDDT" time="158.456" errors="0" timestamp="2024-10-21T21:19:17 IST" skipped="0">
  <testcase classname="testCases.TC007_loginDDT" name="testLogin" time="24.971"/>
  <testcase classname="testCases.TC007_loginDDT" name="testLogin" time="24.425"/>
  <testcase classname="testCases.TC007_loginDDT" name="testLogin" time="25.191"/>
  <testcase classname="testCases.TC007_loginDDT" name="testLogin" time="5.331"/>
  <testcase classname="testCases.TC007_loginDDT" name="testLogin" time="24.690"/>
  <testcase classname="testCases.TC007_loginDDT" name="testLogin" time="24.402"/>
  <testcase classname="testCases.TC007_loginDDT" name="testLogin" time="5.181"/>
  <testcase classname="testCases.TC007_loginDDT" name="testLogin" time="24.265"/>
</testsuite> <!-- testCases.TC007_loginDDT -->
