<?xml version="1.0" encoding="UTF-8"?>
<!-- Generated by org.testng.reporters.JUnitReportReporter -->
<testsuite hostname="SONY" failures="0" tests="9" name="testCases.TC002_AccountRegistrationDDT" time="27.296" errors="0" timestamp="2024-08-19T20:39:33 IST" skipped="0">
  <testcase classname="testCases.TC002_AccountRegistrationDDT" name="testAccountRegistrationDDT" time="4.834"/>
  <testcase classname="testCases.TC002_AccountRegistrationDDT" name="testAccountRegistrationDDT" time="2.421"/>
  <testcase classname="testCases.TC002_AccountRegistrationDDT" name="testAccountRegistrationDDT" time="2.928"/>
  <testcase classname="testCases.TC002_AccountRegistrationDDT" name="testAccountRegistrationDDT" time="2.801"/>
  <testcase classname="testCases.TC002_AccountRegistrationDDT" name="testAccountRegistrationDDT" time="2.991"/>
  <testcase classname="testCases.TC002_AccountRegistrationDDT" name="testAccountRegistrationDDT" time="2.933"/>
  <testcase classname="testCases.TC002_AccountRegistrationDDT" name="testAccountRegistrationDDT" time="2.591"/>
  <testcase classname="testCases.TC002_AccountRegistrationDDT" name="testAccountRegistrationDDT" time="2.774"/>
  <testcase classname="testCases.TC002_AccountRegistrationDDT" name="testAccountRegistrationDDT" time="3.023"/>
</testsuite> <!-- testCases.TC002_AccountRegistrationDDT -->
