<?xml version="1.0" encoding="UTF-8"?>
<!-- Generated by org.testng.reporters.JUnitReportReporter -->
<testsuite hostname="Lenovo" failures="0" tests="1" name="testCases.TC001_AccountRegistrationTest" time="3.550" errors="0" timestamp="2024-10-21T21:19:17 IST" skipped="0">
  <testcase classname="testCases.TC001_AccountRegistrationTest" name="testAccountRegistration" time="3.550"/>
</testsuite> <!-- testCases.TC001_AccountRegistrationTest -->
