<?xml version="1.0" encoding="UTF-8"?>
<!-- Generated by org.testng.reporters.JUnitReportReporter -->
<testsuite hostname="SONY" failures="0" tests="8" name="testCases.TC007_loginDataDrivenTest" time="159.231" errors="0" timestamp="2024-08-20T00:12:31 IST" skipped="0">
  <testcase classname="testCases.TC007_loginDataDrivenTest" name="testLogin" time="6.390"/>
  <testcase classname="testCases.TC007_loginDataDrivenTest" name="testLogin" time="24.268"/>
  <testcase classname="testCases.TC007_loginDataDrivenTest" name="testLogin" time="24.359"/>
  <testcase classname="testCases.TC007_loginDataDrivenTest" name="testLogin" time="25.199"/>
  <testcase classname="testCases.TC007_loginDataDrivenTest" name="testLogin" time="24.385"/>
  <testcase classname="testCases.TC007_loginDataDrivenTest" name="testLogin" time="24.081"/>
  <testcase classname="testCases.TC007_loginDataDrivenTest" name="testLogin" time="24.899"/>
  <testcase classname="testCases.TC007_loginDataDrivenTest" name="testLogin" time="5.650"/>
</testsuite> <!-- testCases.TC007_loginDataDrivenTest -->
