<?xml version="1.0" encoding="UTF-8"?>
<!-- Generated by org.testng.reporters.JUnitReportReporter -->
<testsuite hostname="SONY" failures="0" tests="9" name="testCases.TC004_AccountRegistrationDDT" time="15.720" errors="0" timestamp="2024-08-19T02:21:59 IST" skipped="0">
  <testcase classname="testCases.TC004_AccountRegistrationDDT" name="testAccountRegistrationDDT" time="1.590"/>
  <testcase classname="testCases.TC004_AccountRegistrationDDT" name="testAccountRegistrationDDT" time="1.634"/>
  <testcase classname="testCases.TC004_AccountRegistrationDDT" name="testAccountRegistrationDDT" time="1.627"/>
  <testcase classname="testCases.TC004_AccountRegistrationDDT" name="testAccountRegistrationDDT" time="1.570"/>
  <testcase classname="testCases.TC004_AccountRegistrationDDT" name="testAccountRegistrationDDT" time="1.620"/>
  <testcase classname="testCases.TC004_AccountRegistrationDDT" name="testAccountRegistrationDDT" time="2.618"/>
  <testcase classname="testCases.TC004_AccountRegistrationDDT" name="testAccountRegistrationDDT" time="1.651"/>
  <testcase classname="testCases.TC004_AccountRegistrationDDT" name="testAccountRegistrationDDT" time="1.691"/>
  <testcase classname="testCases.TC004_AccountRegistrationDDT" name="testAccountRegistrationDDT" time="1.719"/>
</testsuite> <!-- testCases.TC004_AccountRegistrationDDT -->
