<?xml version="1.0" encoding="UTF-8"?>
<!-- Generated by org.testng.reporters.JUnitReportReporter -->
<testsuite hostname="SONY" failures="0" tests="1" name="testCases.TC006_LoginTest" time="3.092" errors="0" timestamp="2024-08-29T20:29:22 IST" skipped="0">
  <testcase classname="testCases.TC006_LoginTest" name="testLogin" time="3.092"/>
</testsuite> <!-- testCases.TC006_LoginTest -->
